<?xml version="1.0" encoding="UTF-8"?>
<testsuite name="MyNodeTest" tests="1" skipped="0" failures="0" errors="0" timestamp="2021-06-04T12:53:06" hostname="DESKTOP-38KI29F" time="0.025">
  <properties/>
  <testcase name="givenInteger_ShouldBeDeletedFromLinkedList()" classname="MyNodeTest" time="0.025"/>
  <system-out><![CDATA[10
20
50
]]></system-out>
  <system-err><![CDATA[]]></system-err>
</testsuite>
