<?xml version="1.0" encoding="UTF-8"?>
<testsuite name="MyNodeTest" tests="1" skipped="0" failures="0" errors="0" timestamp="2021-06-04T09:36:05" hostname="DESKTOP-38KI29F" time="0.028">
  <properties/>
  <testcase name="givenT3Numbers_WhenLinked_ShouldPassLinkedListTest()" classname="MyNodeTest" time="0.028"/>
  <system-out><![CDATA[]]></system-out>
  <system-err><![CDATA[]]></system-err>
</testsuite>
