<?xml version="1.0" encoding="UTF-8"?>
<testsuite name="MyNodeTest" tests="1" skipped="0" failures="0" errors="0" timestamp="2021-06-05T03:13:20" hostname="DESKTOP-38KI29F" time="0.033">
  <properties/>
  <testcase name="given3IntegersInQueue_WhenDequeue_ShouldMatchWithSecondAddedNode()" classname="MyNodeTest" time="0.033"/>
  <system-out><![CDATA[10
5
20
5
20
]]></system-out>
  <system-err><![CDATA[]]></system-err>
</testsuite>
