<?xml version="1.0" encoding="UTF-8"?>
<testsuite name="MyNodeTest" tests="1" skipped="0" failures="0" errors="0" timestamp="2021-06-04T09:54:34" hostname="DESKTOP-38KI29F" time="0.032">
  <properties/>
  <testcase name="givenThreeNumbers_ShouldAddInLinkedList()" classname="MyNodeTest" time="0.032"/>
  <system-out><![CDATA[30
20
10
]]></system-out>
  <system-err><![CDATA[]]></system-err>
</testsuite>
