<?xml version="1.0" encoding="UTF-8"?>
<testsuite name="MyNodeTest" tests="3" skipped="0" failures="0" errors="0" timestamp="2021-06-04T09:59:54" hostname="DESKTOP-38KI29F" time="0.042">
  <properties/>
  <testcase name="givenThreeNumbers_ShouldAddInLinkedList()" classname="MyNodeTest" time="0.033"/>
  <testcase name="givenThreeNumbers_ShouldAppendInLinkedList()" classname="MyNodeTest" time="0.003"/>
  <testcase name="givenT3Numbers_WhenLinked_ShouldPassLinkedListTest()" classname="MyNodeTest" time="0.004"/>
  <system-out><![CDATA[30
20
10
10
20
30
]]></system-out>
  <system-err><![CDATA[]]></system-err>
</testsuite>
